[13/03/23 12:18:58] [INFO] BeamMP Server v3.1.1
[13/03/23 12:18:58] [INFO] Sentry started! Reporting errors automatically. This sends data to the developers in case of errors and crashes. You can learn more, turn this message off or opt-out of this in the ServerConfig.toml.
[13/03/23 12:18:58] [INFO] Vehicle event network online
[13/03/23 12:18:58] [INFO] Vehicle data network online on port 30814 with a Max of 8 Clients
[13/03/23 12:18:58] [INFO] Server up-to-date!
[13/03/23 12:18:58] [INFO] PluginMonitor started
[13/03/23 12:19:03] [INFO] Authenticated! Success, Your server listing has been updated.
[13/03/23 12:19:03] [INFO] ALL SYSTEMS STARTED SUCCESSFULLY, EVERYTHING IS OKAY
> exit
[13/03/23 12:22:18] [INFO] gracefully shutting down
[13/03/23 12:22:18] [INFO] please wait while all subsystems are shutting down...
[13/03/23 12:22:18] [INFO] Subsystem 1/9 shutting down
[13/03/23 12:22:18] [INFO] Subsystem 2/9 shutting down
[13/03/23 12:22:18] [INFO] Subsystem 3/9 shutting down
[13/03/23 12:22:18] [INFO] Subsystem 4/9 shutting down
[13/03/23 12:22:18] [INFO] Subsystem 5/9 shutting down
[13/03/23 12:22:18] [INFO] Subsystem 6/9 shutting down
[13/03/23 12:22:19] [INFO] Subsystem 7/9 shutting down
[13/03/23 12:22:19] [INFO] Subsystem 8/9 shutting down
[13/03/23 12:22:19] [INFO] Subsystem 9/9 shutting down
[13/03/23 12:22:19] [INFO] If this takes too long, you can press Ctrl+C repeatedly to force a shutdown.
[13/03/23 12:22:19] [INFO] Shutdown.
[13/03/23 12:22:19] [INFO] Scoped timer: "" took 201048ms 
